<?xml version="1.0" encoding="UTF-8"?>
<!-- Generated by org.testng.reporters.JUnitXMLReporter -->
<testsuite ignored="0" hostname="LAPTOP-UC8VD6T3" failures="0" tests="1" name="Test" time="0.07" errors="0" timestamp="2025-07-10T12:16:03 IST">
  <testcase classname="TestCases.BaseClass" name="@BeforeClass setUp" time="-1.752129963577E9">
    <failure type="org.testng.TestNGException" message="
Parameter &amp;apos;os&amp;apos; is required by BeforeClass on method setUp but has not been marked @Optional or defined
in D:\Preethi_Resumes\src\test\java\TestCases\testng.xml">
      <![CDATA[org.testng.TestNGException: 
Parameter 'os' is required by BeforeClass on method setUp but has not been marked @Optional or defined
in D:\Preethi_Resumes\src\test\java\TestCases\testng.xml
at java.base/java.util.ArrayList.forEach(ArrayList.java:1596)
... Removed 22 stack frames]]>
    </failure>
  </testcase> <!-- @BeforeClass setUp -->
  <testcase classname="TestCases.BaseClass" name="@AfterClass tearDown" time="0.0">
    <skipped/>
  </testcase> <!-- @AfterClass tearDown -->
  <testcase classname="TestCases.TC001_LoginTest" name="verify_LoginTest" time="0.001">
    <skipped/>
  </testcase> <!-- verify_LoginTest -->
</testsuite> <!-- Test -->
